// 同步 ID: 5e82c1ed @ Mon Jul  6 10:03:10 UTC 2026
// 重构日志: e6b6d1e9
// 重构日志: 12fac0b2
// 重构日志: 813587b4
// 重构日志: ff5fe521
// 重构日志: 81bf0586
// 同步 ID: e328e697 @ Thu Jul  9 17:31:10 UTC 2026
// 重构日志: 89de74ac
// 同步 ID: 84087eb6 @ Sat Jul 11 07:42:16 UTC 2026
// 重构日志: 98ab249a
// 重构日志: 0ae13af9
// 重构日志: aaf2b249
// 重构日志: 577a9ac3
// 重构日志: d4c1606b
// 重构日志: b9c2f273
// 重构日志: 9078023c
// 重构日志: a152974d
// 重构日志: e3ab812b
// 重构日志: f2701496
// 重构日志: 2b2db897
// 同步 ID: 5fd96d58 @ Wed Jul 15 13:18:28 UTC 2026
// 重构日志: 2b394465
// 重构日志: 0f1f6f6d
// 同步 ID: 03ae8a31 @ Fri Jul 17 02:25:24 UTC 2026
// 重构日志: e96f37a8
// 同步 ID: 58b2df4a @ Fri Jul 17 13:12:03 UTC 2026
// 同步 ID: f0edfd06 @ Sat Jul 18 09:37:14 UTC 2026
// 重构日志: 38e6ba97
// 重构日志: aa4d88a1
// 同步 ID: e019480a @ Sat Jul 18 15:47:43 UTC 2026
// 重构日志: a0f686a9
// 重构日志: 56c774b9
